1644771103383	geckodriver	INFO	Listening on 127.0.0.1:52575
1644771106523	mozrunner::runner	INFO	Running command: "C:\\Program Files (x86)\\Mozilla Firefox\\firefox.exe" "--marionette" "--remote-debugging-port" "52576" "-no-remote" "-profile" "C:\\Users\\SREEDH~1\\AppData\\Local\\Temp\\rust_mozprofile6VBkvx"
1644771108513	Marionette	INFO	Marionette enabled
console.warn: SearchSettings: "get: No settings file exists, new profile?" (new NotFoundError("Could not open the file at C:\\Users\\Sreedharreddy\\AppData\\Local\\Temp\\rust_mozprofile6VBkvx\\search.json.mozlz4", (void 0)))
DevTools listening on ws://localhost:52576/devtools/browser/a5c31b40-a2ac-4fbc-b564-d4145b8d9565
1644771128506	Marionette	INFO	Listening on port 52581
1644771128811	RemoteAgent	WARN	TLS certificate errors will be ignored for this session
1644771137563	Marionette	WARN	TimedPromise timed out after 500 ms: stacktrace:
TimedPromise/<@chrome://remote/content/marionette/sync.js:235:19
TimedPromise@chrome://remote/content/marionette/sync.js:220:10
interaction.flushEventLoop@chrome://remote/content/marionette/interaction.js:431:10
webdriverClickElement@chrome://remote/content/marionette/interaction.js:179:31
JavaScript error: https://nasscom.in/sites/default/files/js/js_jzUvVx4RyQmWP3p2PRGbiCAYArJPx4wly_694_N3aSU.js, line 1786: TypeError: event is undefined
JavaScript error: https://nasscom.in/sites/default/files/js/js_jzUvVx4RyQmWP3p2PRGbiCAYArJPx4wly_694_N3aSU.js, line 1786: TypeError: event is undefined
JavaScript error: https://nasscom.in/sites/default/files/js/js_jzUvVx4RyQmWP3p2PRGbiCAYArJPx4wly_694_N3aSU.js, line 1786: TypeError: event is undefined
JavaScript error: https://nasscom.in/sites/default/files/js/js_jzUvVx4RyQmWP3p2PRGbiCAYArJPx4wly_694_N3aSU.js, line 1786: TypeError: event is undefined
console.warn: LoginRecipes: "getRecipes: falling back to a synchronous message for:" "https://nasscom.in"
1644771140279	Marionette	WARN	TimedPromise timed out after 500 ms: stacktrace:
TimedPromise/<@chrome://remote/content/marionette/sync.js:235:19
TimedPromise@chrome://remote/content/marionette/sync.js:220:10
interaction.flushEventLoop@chrome://remote/content/marionette/interaction.js:431:10
webdriverClickElement@chrome://remote/content/marionette/interaction.js:179:31
1644771140310	Marionette	INFO	Stopped listening on port 52581
JavaScript error: resource://gre/modules/Prompter.jsm, line 1189: NS_ERROR_NOT_AVAILABLE: prompt aborted by user

###!!! [Child][PContentChild] Error: RunMessage(msgname=PHttpChannel::Msg_DeleteSelf) Channel closing: too late to send/recv, messages will be lost


###!!! [Child][PContentChild] Error: RunMessage(msgname=PHttpChannel::Msg_DeleteSelf) Channel closing: too late to send/recv, messages will be lost


###!!! [Child][PContentChild] Error: RunMessage(msgname=PHttpChannel::Msg_DeleteSelf) Channel closing: too late to send/recv, messages will be lost


###!!! [Child][PContentChild] Error: RunMessage(msgname=PHttpChannel::Msg_DeleteSelf) Channel closing: too late to send/recv, messages will be lost


###!!! [Child][PContentChild] Error: RunMessage(msgname=PHttpChannel::Msg_DeleteSelf) Channel closing: too late to send/recv, messages will be lost


###!!! [Child][PContentChild] Error: RunMessage(msgname=PHttpChannel::Msg_DeleteSelf) Channel closing: too late to send/recv, messages will be lost


###!!! [Child][PContentChild] Error: RunMessage(msgname=PHttpChannel::Msg_DeleteSelf) Channel closing: too late to send/recv, messages will be lost


###!!! [Child][PContentChild] Error: RunMessage(msgname=PHttpChannel::Msg_DeleteSelf) Channel closing: too late to send/recv, messages will be lost


###!!! [Child][PContentChild] Error: RunMessage(msgname=PHttpChannel::Msg_DeleteSelf) Channel closing: too late to send/recv, messages will be lost

